2026-04-30 11:14:46 [32minfo[39m: 🚀 Сервер запущен на порту 3001
2026-04-30 11:18:04 [32minfo[39m: 🚀 Сервер запущен на порту 3001
2026-04-30 11:19:07 [32minfo[39m: Пользователь подключен: a0b_3Wa37Fspbq62AAAB, User ID: 1
2026-04-30 11:19:08 [32minfo[39m: Пользователь отключен: a0b_3Wa37Fspbq62AAAB, User ID: 1
2026-04-30 11:19:10 [32minfo[39m: Пользователь подключен: DE05Kb9ib1YD6KdWAAAD, User ID: 1
2026-04-30 15:50:03 [32minfo[39m: Пользователь отключен: DE05Kb9ib1YD6KdWAAAD, User ID: 1
2026-04-30 15:50:05 [32minfo[39m: Пользователь подключен: cUaoMLOwr9rRxnC2AAAF, User ID: 1
2026-04-30 15:54:41 [32minfo[39m: Пользователь отключен: cUaoMLOwr9rRxnC2AAAF, User ID: 1
2026-04-30 15:54:43 [32minfo[39m: Пользователь подключен: DZXC7ImCufeX_uXxAAAH, User ID: 1
2026-04-30 15:56:34 [32minfo[39m: Пользователь отключен: DZXC7ImCufeX_uXxAAAH, User ID: 1
2026-04-30 15:56:36 [32minfo[39m: Пользователь подключен: tYSwZKNxGdOV18CeAAAJ, User ID: 1
2026-04-30 15:56:40 [32minfo[39m: Пользователь отключен: tYSwZKNxGdOV18CeAAAJ, User ID: 1
2026-04-30 15:56:41 [32minfo[39m: Пользователь подключен: 64TqaIbd0rvxxQU5AAAL, User ID: 1
2026-04-30 15:57:58 [32minfo[39m: Пользователь отключен: 64TqaIbd0rvxxQU5AAAL, User ID: 1
2026-04-30 15:58:01 [32minfo[39m: Пользователь подключен: yDWK_V-GpH0mrM3hAAAN, User ID: 1
2026-04-30 15:58:18 [32minfo[39m: Пользователь отключен: yDWK_V-GpH0mrM3hAAAN, User ID: 1
2026-04-30 15:58:20 [32minfo[39m: Пользователь подключен: c4SKu7Jsz6NdHiwRAAAP, User ID: 1
2026-04-30 15:59:09 [32minfo[39m: Пользователь отключен: c4SKu7Jsz6NdHiwRAAAP, User ID: 1
2026-04-30 15:59:10 [32minfo[39m: Пользователь подключен: KBu3mBVRbFVvGrLXAAAR, User ID: 1
2026-04-30 15:59:27 [32minfo[39m: Пользователь отключен: KBu3mBVRbFVvGrLXAAAR, User ID: 1
2026-04-30 15:59:28 [32minfo[39m: Пользователь подключен: EMHXPfoCT9fNBMFfAAAT, User ID: 1
2026-04-30 15:59:47 [32minfo[39m: Пользователь отключен: EMHXPfoCT9fNBMFfAAAT, User ID: 1
2026-04-30 15:59:49 [32minfo[39m: Пользователь подключен: ulYp5GKS8aJVrKJ_AAAV, User ID: 1
2026-04-30 16:02:03 [32minfo[39m: Пользователь отключен: ulYp5GKS8aJVrKJ_AAAV, User ID: 1
2026-04-30 16:02:05 [32minfo[39m: Пользователь подключен: 8GtnltZz_TYjDNbRAAAX, User ID: 1
2026-04-30 16:06:13 [32minfo[39m: Пользователь отключен: 8GtnltZz_TYjDNbRAAAX, User ID: 1
2026-04-30 16:06:14 [32minfo[39m: Пользователь подключен: gDrQ8fVhOacEGIOAAAAZ, User ID: 1
2026-04-30 16:06:55 [32minfo[39m: Пользователь отключен: gDrQ8fVhOacEGIOAAAAZ, User ID: 1
2026-04-30 16:06:56 [32minfo[39m: Пользователь подключен: SWHRqdk5H5HWsgrsAAAb, User ID: 1
2026-04-30 16:06:59 [32minfo[39m: Пользователь отключен: SWHRqdk5H5HWsgrsAAAb, User ID: 1
2026-04-30 16:07:00 [32minfo[39m: Пользователь подключен: H45zO4i_XmtCfHZrAAAd, User ID: 1
2026-04-30 16:07:37 [32minfo[39m: Пользователь отключен: H45zO4i_XmtCfHZrAAAd, User ID: 1
2026-04-30 16:07:38 [32minfo[39m: Пользователь подключен: lGzylaVdBgygnafUAAAf, User ID: 1
2026-04-30 16:07:52 [32minfo[39m: Пользователь отключен: lGzylaVdBgygnafUAAAf, User ID: 1
2026-04-30 16:07:53 [32minfo[39m: Пользователь подключен: ELdwfMyD88JLfLudAAAh, User ID: 1
2026-04-30 16:08:29 [32minfo[39m: Пользователь отключен: ELdwfMyD88JLfLudAAAh, User ID: 1
2026-04-30 16:08:31 [32minfo[39m: Пользователь подключен: rrscRRPAjZBESAYOAAAj, User ID: 1
2026-04-30 16:08:35 [32minfo[39m: Пользователь отключен: rrscRRPAjZBESAYOAAAj, User ID: 1
2026-04-30 16:08:41 [32minfo[39m: Пользователь подключен: LFZIpAMjic-O-UfiAAAl, User ID: 1
2026-04-30 16:08:59 [32minfo[39m: Получен сигнал завершения (SIGINT)...
2026-04-30 16:08:59 [32minfo[39m: Соединение с базой данных закрыто
2026-04-30 16:09:11 [32minfo[39m: 🚀 Сервер запущен на порту 3001
2026-04-30 16:09:12 [32minfo[39m: Пользователь подключен: p7iTyV5B8Fm4pMP6AAAB, User ID: 1
2026-04-30 16:09:15 [32minfo[39m: Пользователь отключен: p7iTyV5B8Fm4pMP6AAAB, User ID: 1
2026-04-30 16:09:16 [32minfo[39m: Пользователь подключен: I3tpNHZPLwuu4QmdAAAD, User ID: 1
2026-04-30 16:10:08 [32minfo[39m: Пользователь отключен: I3tpNHZPLwuu4QmdAAAD, User ID: 1
2026-04-30 16:10:10 [32minfo[39m: Пользователь подключен: Py7e5YsSy6Ys0dT9AAAF, User ID: 1
2026-04-30 16:10:19 [32minfo[39m: Пользователь отключен: Py7e5YsSy6Ys0dT9AAAF, User ID: 1
2026-04-30 16:10:20 [32minfo[39m: Пользователь подключен: 03XI6uNUOsSuUADvAAAH, User ID: 1
2026-04-30 16:18:36 [32minfo[39m: Пользователь отключен: 03XI6uNUOsSuUADvAAAH, User ID: 1
2026-04-30 16:18:36 [32minfo[39m: Пользователь подключен: ERVJCRrDlFOw2gsqAAAJ, User ID: 1
2026-04-30 16:32:13 [32minfo[39m: Пользователь отключен: ERVJCRrDlFOw2gsqAAAJ, User ID: 1
2026-04-30 16:32:14 [32minfo[39m: Пользователь подключен: pEusjEEPz6VSPZOvAAAL, User ID: 1
2026-04-30 16:33:20 [32minfo[39m: Пользователь отключен: pEusjEEPz6VSPZOvAAAL, User ID: 1
2026-04-30 16:33:20 [32minfo[39m: Пользователь подключен: ZSEWcHErhHUL2mYbAAAN, User ID: 1
2026-04-30 16:33:43 [32minfo[39m: Пользователь отключен: ZSEWcHErhHUL2mYbAAAN, User ID: 1
2026-04-30 16:33:43 [32minfo[39m: Пользователь подключен: dI4mxgnTa9o6bXEzAAAP, User ID: 1
2026-04-30 16:33:49 [32minfo[39m: Пользователь отключен: dI4mxgnTa9o6bXEzAAAP, User ID: 1
2026-04-30 16:33:49 [32minfo[39m: Пользователь подключен: FqSlmCPYLDjdnf8mAAAR, User ID: 1
2026-04-30 16:38:46 [32minfo[39m: Пользователь отключен: FqSlmCPYLDjdnf8mAAAR, User ID: 1
2026-04-30 16:38:47 [32minfo[39m: Пользователь подключен: ibJuylOZoYxvG7NoAAAT, User ID: 1
2026-04-30 16:46:19 [32minfo[39m: Пользователь отключен: ibJuylOZoYxvG7NoAAAT, User ID: 1
2026-04-30 16:46:20 [32minfo[39m: Пользователь подключен: ayD4MjmIp5XEjnimAAAV, User ID: 1
2026-04-30 16:47:56 [32minfo[39m: Пользователь отключен: ayD4MjmIp5XEjnimAAAV, User ID: 1
2026-04-30 16:47:56 [32minfo[39m: Пользователь подключен: tqUbjYr92zm9WOipAAAX, User ID: 1
2026-04-30 16:48:13 [32minfo[39m: Пользователь отключен: tqUbjYr92zm9WOipAAAX, User ID: 1
2026-04-30 16:48:14 [32minfo[39m: Пользователь подключен: N8w634SCOK4wNi83AAAZ, User ID: 1
2026-04-30 16:49:56 [32minfo[39m: Пользователь отключен: N8w634SCOK4wNi83AAAZ, User ID: 1
2026-04-30 16:49:57 [32minfo[39m: Пользователь подключен: Nnj474rf9JZ_JnLeAAAb, User ID: 1
2026-04-30 16:50:08 [32minfo[39m: Пользователь отключен: Nnj474rf9JZ_JnLeAAAb, User ID: 1
2026-04-30 16:50:09 [32minfo[39m: Пользователь подключен: z14j_bHp2u2iW0HZAAAd, User ID: 1
2026-04-30 16:50:12 [32minfo[39m: Получен сигнал завершения (SIGINT)...
2026-04-30 16:50:12 [32minfo[39m: Соединение с базой данных закрыто
2026-04-30 16:50:21 [32minfo[39m: 🚀 Сервер запущен на порту 3001
2026-04-30 16:50:24 [32minfo[39m: Пользователь подключен: -hmSznyozuXMsgrTAAAB, User ID: 1
2026-04-30 16:53:56 [32minfo[39m: Пользователь отключен: -hmSznyozuXMsgrTAAAB, User ID: 1
2026-04-30 16:53:58 [32minfo[39m: Пользователь подключен: B89wSZITzx-7-Nl8AAAD, User ID: 1
2026-04-30 16:55:01 [32minfo[39m: Пользователь отключен: B89wSZITzx-7-Nl8AAAD, User ID: 1
2026-04-30 16:55:03 [32minfo[39m: Пользователь подключен: I97rTEIFsPK1bbk1AAAF, User ID: 1
2026-04-30 17:00:15 [32minfo[39m: Пользователь отключен: I97rTEIFsPK1bbk1AAAF, User ID: 1
2026-04-30 17:00:17 [32minfo[39m: Пользователь подключен: tNCWqGvpNDxZxd3ZAAAH, User ID: 1
2026-04-30 17:00:18 [32minfo[39m: Пользователь отключен: tNCWqGvpNDxZxd3ZAAAH, User ID: 1
2026-04-30 17:00:18 [32minfo[39m: Пользователь подключен: _obLCqN2snG_xFNRAAAJ, User ID: 1
2026-04-30 17:02:26 [32minfo[39m: Пользователь отключен: _obLCqN2snG_xFNRAAAJ, User ID: 1
2026-04-30 17:02:27 [32minfo[39m: Пользователь подключен: wvxJ9LvLLFjfxyyIAAAL, User ID: 1
2026-04-30 17:04:39 [32minfo[39m: Пользователь отключен: wvxJ9LvLLFjfxyyIAAAL, User ID: 1
2026-04-30 17:04:39 [32minfo[39m: Пользователь подключен: dT_QoMMYNcjBQcAfAAAN, User ID: 1
2026-04-30 17:06:49 [32minfo[39m: Пользователь отключен: dT_QoMMYNcjBQcAfAAAN, User ID: 1
2026-04-30 17:06:50 [32minfo[39m: Пользователь подключен: vkSe3CaY7B0dyl_YAAAP, User ID: 1
2026-04-30 17:07:01 [32minfo[39m: Пользователь отключен: vkSe3CaY7B0dyl_YAAAP, User ID: 1
2026-04-30 17:07:01 [32minfo[39m: Пользователь подключен: NByl2nSdixj-YCktAAAR, User ID: 1
2026-04-30 17:09:12 [32minfo[39m: Пользователь отключен: NByl2nSdixj-YCktAAAR, User ID: 1
2026-04-30 17:09:12 [32minfo[39m: Пользователь подключен: HhLLYyL3B6vIo50mAAAT, User ID: 1
2026-04-30 17:26:38 [32minfo[39m: Получен сигнал завершения (SIGINT)...
2026-04-30 18:21:25 [32minfo[39m: 🚀 Сервер запущен на порту 3001
2026-04-30 18:21:57 [32minfo[39m: Пользователь подключен: TJFv6zDAaEkLZ2osAAAB, User ID: 1
2026-04-30 18:22:35 [32minfo[39m: Пользователь отключен: TJFv6zDAaEkLZ2osAAAB, User ID: 1
2026-04-30 18:22:39 [32minfo[39m: Пользователь подключен: 6J-O7RsB_LPKOWNCAAAD, User ID: 1
2026-04-30 18:24:28 [32minfo[39m: Пользователь отключен: 6J-O7RsB_LPKOWNCAAAD, User ID: 1
2026-04-30 18:24:29 [32minfo[39m: Пользователь подключен: gLtmzng_8kkSoD5gAAAF, User ID: 1
2026-04-30 18:33:57 [32minfo[39m: Пользователь отключен: gLtmzng_8kkSoD5gAAAF, User ID: 1
2026-04-30 18:33:58 [32minfo[39m: Пользователь подключен: NVxo638sIDxPpmmwAAAH, User ID: 1
2026-04-30 18:47:28 [32minfo[39m: Пользователь отключен: NVxo638sIDxPpmmwAAAH, User ID: 1
2026-04-30 18:47:29 [32minfo[39m: Пользователь подключен: 7k7fMT0bwix1aYIWAAAJ, User ID: 1
2026-04-30 18:54:39 [32minfo[39m: Пользователь отключен: 7k7fMT0bwix1aYIWAAAJ, User ID: 1
2026-04-30 18:54:40 [32minfo[39m: Пользователь подключен: OO74O4IWyJCxSbY0AAAL, User ID: 1
2026-04-30 18:55:39 [32minfo[39m: Пользователь отключен: OO74O4IWyJCxSbY0AAAL, User ID: 1
2026-04-30 18:55:39 [32minfo[39m: Пользователь подключен: w0TbrXQ2dl69GcXrAAAN, User ID: 1
2026-04-30 18:56:29 [32minfo[39m: Пользователь отключен: w0TbrXQ2dl69GcXrAAAN, User ID: 1
2026-04-30 18:56:31 [32minfo[39m: Пользователь подключен: Bxg9-_XEyzZ2CfYJAAAP, User ID: 1
2026-04-30 18:57:26 [32minfo[39m: Пользователь отключен: Bxg9-_XEyzZ2CfYJAAAP, User ID: 1
2026-04-30 18:57:26 [32minfo[39m: Пользователь подключен: TUhp04wGn9lhEk7AAAAR, User ID: 1
2026-04-30 18:57:52 [32minfo[39m: Пользователь отключен: TUhp04wGn9lhEk7AAAAR, User ID: 1
2026-04-30 18:57:53 [32minfo[39m: Пользователь подключен: dEBPYwj7fociEnXBAAAT, User ID: 1
2026-04-30 19:05:24 [32minfo[39m: Пользователь отключен: dEBPYwj7fociEnXBAAAT, User ID: 1
2026-04-30 19:05:24 [32minfo[39m: Пользователь подключен: HcFHDlYR7rW1omCGAAAV, User ID: 1
2026-04-30 19:05:56 [32minfo[39m: Пользователь отключен: HcFHDlYR7rW1omCGAAAV, User ID: 1
2026-04-30 19:05:57 [32minfo[39m: Пользователь подключен: FspF6Za6tHxPd8mrAAAX, User ID: 1
2026-04-30 19:06:03 [32minfo[39m: Пользователь отключен: FspF6Za6tHxPd8mrAAAX, User ID: 1
2026-04-30 19:06:04 [32minfo[39m: Пользователь подключен: cOUF_HmWDfmVKMjbAAAZ, User ID: 1
2026-04-30 19:07:42 [32minfo[39m: Пользователь отключен: cOUF_HmWDfmVKMjbAAAZ, User ID: 1
2026-04-30 19:07:42 [32minfo[39m: Пользователь подключен: AeXClZL54g6dLFCPAAAb, User ID: 1
2026-04-30 19:11:37 [32minfo[39m: Пользователь отключен: AeXClZL54g6dLFCPAAAb, User ID: 1
2026-04-30 19:11:40 [32minfo[39m: Пользователь подключен: XR1X42mAQwOlfBf1AAAd, User ID: 1
2026-04-30 19:12:29 [32minfo[39m: Пользователь отключен: XR1X42mAQwOlfBf1AAAd, User ID: 1
2026-04-30 19:12:29 [32minfo[39m: Пользователь подключен: SYVgCsTH8hc0Mk9wAAAf, User ID: 1
2026-04-30 19:19:53 [32minfo[39m: Пользователь отключен: SYVgCsTH8hc0Mk9wAAAf, User ID: 1
2026-04-30 19:19:53 [32minfo[39m: Пользователь подключен: 0h7HLjYwV_9KoCcIAAAh, User ID: 1
2026-04-30 19:24:34 [32minfo[39m: Пользователь отключен: 0h7HLjYwV_9KoCcIAAAh, User ID: 1
2026-04-30 19:24:35 [32minfo[39m: Пользователь подключен: eAXGMbC9ACo3RevGAAAj, User ID: 1
2026-04-30 19:39:05 [32minfo[39m: Пользователь отключен: eAXGMbC9ACo3RevGAAAj, User ID: 1
2026-04-30 19:39:06 [32minfo[39m: Пользователь подключен: YJ2_k3HiQHXlh3-9AAAl, User ID: 1
2026-04-30 19:41:43 [32minfo[39m: Пользователь подключен: MgPLXZEJ_C8hQ4ZmAAAn, User ID: 1
2026-04-30 19:41:44 [32minfo[39m: Пользователь отключен: MgPLXZEJ_C8hQ4ZmAAAn, User ID: 1
2026-04-30 19:43:27 [32minfo[39m: Получен сигнал завершения (SIGINT)...
2026-04-30 19:43:28 [32minfo[39m: Соединение с базой данных закрыто
